2013-11-11 08:49:53.235+0000 INFO  [org.neo4j]: --- INITIALIZED diagnostics START ---
2013-11-11 08:49:53.239+0000 INFO  [org.neo4j]: Neo4j Kernel properties:
    neostore.propertystore.db.mapped_memory=483M
    neostore.nodestore.db.mapped_memory=134M
    neostore.relationshipstore.db.mapped_memory=592M
    neostore.propertystore.db.strings.mapped_memory=411M
    store_dir=/home/johndoe/Dokumente/SoftwareDevelopment/springsource workspace/TimeTest/data/graph.db
    neostore.propertystore.db.arrays.mapped_memory=466M
    ephemeral=false
2013-11-11 08:49:53.242+0000 INFO  [org.neo4j]: Diagnostics providers:
    org.neo4j.kernel.configuration.Config
    org.neo4j.kernel.info.DiagnosticsManager
    SYSTEM_MEMORY
    JAVA_MEMORY
    OPERATING_SYSTEM
    JAVA_VIRTUAL_MACHINE
    CLASSPATH
    LIBRARY_PATH
    SYSTEM_PROPERTIES
    LINUX_SCHEDULERS
    NETWORK
2013-11-11 08:49:53.243+0000 INFO  [org.neo4j]: System memory information:
    Total Physical memory: 5,84 GB
    Free Physical memory: 205,88 MB
    Committed virtual memory: 1,87 GB
    Total swap space: 3,71 GB
    Free swap space: 3,67 GB
2013-11-11 08:49:53.245+0000 INFO  [org.neo4j]: JVM memory information:
    Free  memory: 97,78 MB
    Total memory: 112,94 MB
    Max   memory: 1,30 GB
    Garbage Collector: PS Scavenge: [PS Eden Space, PS Survivor Space]
    Garbage Collector: PS MarkSweep: [PS Eden Space, PS Survivor Space, PS Old Gen, PS Perm Gen]
    Memory Pool: Code Cache (Non-heap memory): committed=2,44 MB, used=820,19 kB, max=48,00 MB, threshold=0,00 B
    Memory Pool: PS Eden Space (Heap memory): committed=46,75 MB, used=10,25 MB, max=490,88 MB, threshold=?
    Memory Pool: PS Survivor Space (Heap memory): committed=3,88 MB, used=3,86 MB, max=3,88 MB, threshold=?
    Memory Pool: PS Old Gen (Heap memory): committed=62,31 MB, used=1,05 MB, max=997,38 MB, threshold=0,00 B
    Memory Pool: PS Perm Gen (Non-heap memory): committed=20,75 MB, used=14,39 MB, max=82,00 MB, threshold=0,00 B
2013-11-11 08:49:53.249+0000 INFO  [org.neo4j]: Operating system information:
    Operating System: Linux; version: 3.2.0-4-amd64; arch: amd64; cpus: 8
    Max number of file descriptors: 4096
    Number of open file descriptors: 65
    Process id: 13471@challenge.org
    Byte order: LITTLE_ENDIAN
    Local timezone: Europe/Vienna
2013-11-11 08:49:53.253+0000 INFO  [org.neo4j]: JVM information:
    VM Name: Java HotSpot(TM) 64-Bit Server VM
    VM Vendor: Oracle Corporation
    VM Version: 23.25-b01
    JIT compiler: HotSpot 64-Bit Tiered Compilers
    VM Arguments: [-Dfile.encoding=UTF-8]
2013-11-11 08:49:53.254+0000 INFO  [org.neo4j]: Java classpath:
     [classpath + loader.0] file:/home/johndoe/.m2/repository/org/apache/james/apache-mime4j-dom/0.7/apache-mime4j-dom-0.7.jar
     [classpath + loader.0] file:/home/johndoe/.m2/repository/org/apache/tika/tika-core/1.0/tika-core-1.0.jar
     [bootstrap] /usr/lib/jvm/jdk1.7.0_25/jre/lib/jce.jar
     [loader.1] file:/usr/lib/jvm/jdk1.7.0_25/jre/lib/ext/dnsns.jar
     [classpath + loader.0] file:/home/johndoe/.m2/repository/org/neo4j/neo4j-graph-matching/1.9.4/neo4j-graph-matching-1.9.4.jar
     [classpath + loader.0] file:/home/johndoe/.m2/repository/org/apache/james/apache-mime4j-core/0.7/apache-mime4j-core-0.7.jar
     [classpath + loader.0] file:/home/johndoe/.m2/repository/org/springframework/data/spring-data-neo4j/2.3.2.RELEASE/spring-data-neo4j-2.3.2.RELEASE.jar
     [classpath + loader.0] file:/home/johndoe/.m2/repository/org/neo4j/neo4j-graph-algo/1.9.4/neo4j-graph-algo-1.9.4.jar
     [classpath + loader.0] file:/home/johndoe/.m2/repository/commons-codec/commons-codec/1.6/commons-codec-1.6.jar
     [classpath + loader.0] file:/home/johndoe/.m2/repository/commons-logging/commons-logging/1.1.1/commons-logging-1.1.1.jar
     [classpath + loader.0] file:/home/johndoe/.m2/repository/org/scala-lang/scala-library/2.10.0/scala-library-2.10.0.jar
     [classpath + loader.0] file:/home/johndoe/.m2/repository/org/springframework/spring-aop/3.2.4.RELEASE/spring-aop-3.2.4.RELEASE.jar
     [classpath + loader.0] file:/home/johndoe/.m2/repository/de/l3s/boilerpipe/boilerpipe/1.1.0/boilerpipe-1.1.0.jar
     [classpath + loader.0] file:/home/johndoe/.m2/repository/org/springframework/data/spring-data-neo4j-aspects/2.3.2.RELEASE/spring-data-neo4j-aspects-2.3.2.RELEASE.jar
     [classpath + loader.0] file:/home/johndoe/.m2/repository/org/springframework/spring-context/3.2.4.RELEASE/spring-context-3.2.4.RELEASE.jar
     [loader.1] file:/usr/lib/jvm/jdk1.7.0_25/jre/lib/ext/localedata.jar
     [classpath + loader.0] file:/home/johndoe/.m2/repository/org/neo4j/neo4j-cypher-dsl/1.9/neo4j-cypher-dsl-1.9.jar
     [classpath + loader.0] file:/home/johndoe/.m2/repository/javax/inject/javax.inject/1/javax.inject-1.jar
     [loader.1] file:/usr/lib/jvm/jdk1.7.0_25/jre/lib/ext/sunpkcs11.jar
     [classpath + loader.0] file:/home/johndoe/.m2/repository/org/springframework/spring-core/3.2.4.RELEASE/spring-core-3.2.4.RELEASE.jar
     [classpath + loader.0] file:/home/johndoe/.m2/repository/org/springframework/spring-aspects/3.2.4.RELEASE/spring-aspects-3.2.4.RELEASE.jar
     [classpath + loader.0] file:/home/johndoe/.m2/repository/org/springframework/spring-expression/3.2.4.RELEASE/spring-expression-3.2.4.RELEASE.jar
     [classpath + loader.0] file:/home/johndoe/.m2/repository/org/slf4j/slf4j-api/1.7.5/slf4j-api-1.7.5.jar
     [classpath + loader.0] file:/home/johndoe/.m2/repository/edu/uci/ics/crawler4j/3.5/crawler4j-3.5.jar
     [classpath + loader.0] file:/home/johndoe/.m2/repository/org/springframework/spring-tx/3.2.4.RELEASE/spring-tx-3.2.4.RELEASE.jar
     [classpath + loader.0] file:/home/johndoe/.m2/repository/org/jboss/logging/jboss-logging/3.1.0.CR2/jboss-logging-3.1.0.CR2.jar
     [classpath + loader.0] file:/home/johndoe/.m2/repository/org/apache/httpcomponents/httpcore/4.2.2/httpcore-4.2.2.jar
     [loader.1] file:/usr/lib/jvm/jdk1.7.0_25/jre/lib/ext/sunec.jar
     [classpath + loader.0] file:/home/johndoe/.m2/repository/org/hibernate/hibernate-validator/4.3.1.Final/hibernate-validator-4.3.1.Final.jar
     [loader.0] file:/home/johndoe/Dokumente/SoftwareDevelopment/springsource%20workspace/TimeTest/target/classes/
     [bootstrap] /usr/lib/jvm/jdk1.7.0_25/jre/classes
     [classpath + loader.0] file:/home/johndoe/.m2/repository/org/apache/geronimo/specs/geronimo-stax-api_1.0_spec/1.0.1/geronimo-stax-api_1.0_spec-1.0.1.jar
     [classpath + loader.0] file:/home/johndoe/.m2/repository/org/neo4j/neo4j-kernel/1.9.4/neo4j-kernel-1.9.4.jar
     [classpath + loader.0] file:/home/johndoe/.m2/repository/org/apache/tika/tika-parsers/1.0/tika-parsers-1.0.jar
     [bootstrap] /usr/lib/jvm/jdk1.7.0_25/jre/lib/jsse.jar
     [classpath + loader.0] file:/home/johndoe/.m2/repository/org/apache/lucene/lucene-core/3.6.2/lucene-core-3.6.2.jar
     [classpath + loader.0] file:/home/johndoe/.m2/repository/log4j/log4j/1.2.17/log4j-1.2.17.jar
     [loader.1] file:/usr/lib/jvm/jdk1.7.0_25/jre/lib/ext/sunjce_provider.jar
     [bootstrap] /usr/lib/jvm/jdk1.7.0_25/jre/lib/rt.jar
     [classpath + loader.0] file:/home/johndoe/.m2/repository/org/apache/httpcomponents/httpclient/4.2.3/httpclient-4.2.3.jar
     [classpath + loader.0] file:/home/johndoe/.m2/repository/org/springframework/data/spring-data-commons/1.6.2.RELEASE/spring-data-commons-1.6.2.RELEASE.jar
     [loader.1] file:/usr/lib/jvm/jdk1.7.0_25/jre/lib/ext/zipfs.jar
     [classpath + loader.0] file:/home/johndoe/.m2/repository/org/neo4j/neo4j/1.9.4/neo4j-1.9.4.jar
     [classpath + loader.0] file:/home/johndoe/.m2/repository/com/sleepycat/je/4.0.92/je-4.0.92.jar
     [classpath + loader.0] file:/home/johndoe/.m2/repository/com/googlecode/concurrentlinkedhashmap/concurrentlinkedhashmap-lru/1.3.1/concurrentlinkedhashmap-lru-1.3.1.jar
     [classpath + loader.0] file:/home/johndoe/.m2/repository/org/aspectj/aspectjrt/1.7.3/aspectjrt-1.7.3.jar
     [classpath + loader.0] file:/home/johndoe/.m2/repository/org/neo4j/neo4j-udc/1.9.4/neo4j-udc-1.9.4.jar
     [classpath + loader.0] file:/home/johndoe/.m2/repository/org/jsoup/jsoup/1.7.2/jsoup-1.7.2.jar
     [classpath + loader.0] file:/home/johndoe/.m2/repository/org/ccil/cowan/tagsoup/tagsoup/1.2.1/tagsoup-1.2.1.jar
     [classpath + loader.0] file:/home/johndoe/.m2/repository/org/springframework/spring-beans/3.2.4.RELEASE/spring-beans-3.2.4.RELEASE.jar
     [classpath + loader.0] file:/home/johndoe/.m2/repository/asm/asm/3.3.1/asm-3.3.1.jar
     [classpath + loader.0] file:/home/johndoe/.m2/repository/org/neo4j/neo4j-jmx/1.9.4/neo4j-jmx-1.9.4.jar
     [bootstrap] /usr/lib/jvm/jdk1.7.0_25/jre/lib/resources.jar
     [classpath + loader.0] file:/home/johndoe/.m2/repository/commons-collections/commons-collections/3.2.1/commons-collections-3.2.1.jar
     [classpath + loader.0] file:/home/johndoe/.m2/repository/javax/validation/validation-api/1.0.0.GA/validation-api-1.0.0.GA.jar
     [classpath + loader.0] file:/home/johndoe/.m2/repository/cglib/cglib/2.2.2/cglib-2.2.2.jar
     [classpath + loader.0] file:/home/johndoe/.m2/repository/org/springframework/spring-context-support/3.2.4.RELEASE/spring-context-support-3.2.4.RELEASE.jar
     [bootstrap] /usr/lib/jvm/jdk1.7.0_25/jre/lib/sunrsasign.jar
     [classpath + loader.0] file:/home/johndoe/.m2/repository/org/apache/commons/commons-compress/1.3/commons-compress-1.3.jar
     [classpath + loader.0] file:/home/johndoe/.m2/repository/org/slf4j/jcl-over-slf4j/1.7.5/jcl-over-slf4j-1.7.5.jar
     [bootstrap] /usr/lib/jvm/jdk1.7.0_25/jre/lib/charsets.jar
     [classpath + loader.0] file:/home/johndoe/.m2/repository/com/drewnoakes/metadata-extractor/2.4.0-beta-1/metadata-extractor-2.4.0-beta-1.jar
     [classpath + loader.0] file:/home/johndoe/.m2/repository/org/aspectj/aspectjweaver/1.7.2/aspectjweaver-1.7.2.jar
     [classpath + loader.0] file:/home/johndoe/Dokumente/SoftwareDevelopment/springsource/sts-3.3.0.RELEASE/plugins/org.aspectj.runtime_1.8.0.20130801095600.jar
     [classpath + loader.0] file:/home/johndoe/.m2/repository/aopalliance/aopalliance/1.0/aopalliance-1.0.jar
     [classpath + loader.0] file:/home/johndoe/.m2/repository/org/apache/geronimo/specs/geronimo-jta_1.1_spec/1.1.1/geronimo-jta_1.1_spec-1.1.1.jar
     [classpath + loader.0] file:/home/johndoe/.m2/repository/org/hibernate/javax/persistence/hibernate-jpa-2.0-api/1.0.0.Final/hibernate-jpa-2.0-api-1.0.0.Final.jar
     [classpath + loader.0] file:/home/johndoe/.m2/repository/org/neo4j/neo4j-lucene-index/1.9.4/neo4j-lucene-index-1.9.4.jar
     [classpath + loader.0] file:/home/johndoe/.m2/repository/org/slf4j/slf4j-log4j12/1.7.5/slf4j-log4j12-1.7.5.jar
     [classpath + loader.0] file:/home/johndoe/.m2/repository/org/neo4j/neo4j-cypher/1.9.4/neo4j-cypher-1.9.4.jar
     [bootstrap] /usr/lib/jvm/jdk1.7.0_25/jre/lib/jfr.jar
     [classpath] /home/johndoe/Dokumente/SoftwareDevelopment/springsource workspace/TimeTest/target/classes
2013-11-11 08:49:53.256+0000 INFO  [org.neo4j]: Library path:
    /usr/java/packages/lib/amd64
    /usr/lib64
    /lib64
    /lib
    /usr/lib
2013-11-11 08:49:53.257+0000 INFO  [org.neo4j]: System.properties:
    sun.boot.library.path = /usr/lib/jvm/jdk1.7.0_25/jre/lib/amd64
    path.separator = :
    file.encoding.pkg = sun.io
    user.country = AT
    sun.java.launcher = SUN_STANDARD
    sun.os.patch.level = unknown
    user.dir = /home/johndoe/Dokumente/SoftwareDevelopment/springsource workspace/TimeTest
    sun.jnu.encoding = UTF-8
    sun.management.compiler = HotSpot 64-Bit Tiered Compilers
    user.home = /home/johndoe
    user.timezone = Europe/Vienna
    file.encoding = UTF-8
    user.name = johndoe
    sun.java.command = com.phillip.timetest.Main
    sun.arch.data.model = 64
    user.language = de
    awt.toolkit = sun.awt.X11.XToolkit
    file.separator = /
    sun.io.unicode.encoding = UnicodeLittle
    sun.cpu.endian = little
    sun.desktop = gnome
    sun.cpu.isalist = 
2013-11-11 08:49:53.257+0000 INFO  [org.neo4j]: Linux scheduler information:
    noop deadline [cfq] 
    noop deadline [cfq] 
    noop deadline [cfq] 
    none
    none
    none
    none
    none
    none
    none
    none
2013-11-11 08:49:53.259+0000 INFO  [org.neo4j]: Network information:
    Interface vmnet8:
        address: fe80:0:0:0:250:56ff:fec0:8%5
        address: 172.16.189.1
    Interface vmnet1:
        address: fe80:0:0:0:250:56ff:fec0:1%4
        address: 172.16.35.1
    Interface eth0:
        address: fe80:0:0:0:224:8cff:fef8:2150%2
        address: 10.0.0.56
    Interface lo:
        address: 0:0:0:0:0:0:0:1%1
        address: 127.0.0.1
2013-11-11 08:49:53.261+0000 INFO  [org.neo4j]: --- INITIALIZED diagnostics END ---
2013-11-11 08:49:53.348+0000 INFO  [org.neo4j]: Creating new db @ /home/johndoe/Dokumente/SoftwareDevelopment/springsource workspace/TimeTest/data/graph.db/neostore
2013-11-11 08:49:53.481+0000 INFO  [org.neo4j]: [/home/johndoe/Dokumente/SoftwareDevelopment/springsource workspace/TimeTest/data/graph.db/neostore.nodestore.db] brickCount=0 brickSize=1405089b mappedMem=140509184b (storeSize=0b)
2013-11-11 08:49:53.507+0000 INFO  [org.neo4j]: /home/johndoe/Dokumente/SoftwareDevelopment/springsource workspace/TimeTest/data/graph.db/neostore.nodestore.db hit=1 miss=0 switches=0 ooe=0
2013-11-11 08:49:54.127+0000 INFO  [org.neo4j]: [/home/johndoe/Dokumente/SoftwareDevelopment/springsource workspace/TimeTest/data/graph.db/neostore.relationshiptypestore.db.names] brickCount=0 brickSize=0b mappedMem=0b (storeSize=38b)
2013-11-11 08:49:54.131+0000 INFO  [org.neo4j]: [/home/johndoe/Dokumente/SoftwareDevelopment/springsource workspace/TimeTest/data/graph.db/neostore.relationshiptypestore.db] brickCount=0 brickSize=0b mappedMem=0b (storeSize=0b)
2013-11-11 08:49:54.163+0000 INFO  [org.neo4j]: /home/johndoe/Dokumente/SoftwareDevelopment/springsource workspace/TimeTest/data/graph.db/neostore.relationshiptypestore.db.names hit=0 miss=0 switches=0 ooe=0
2013-11-11 08:49:54.205+0000 INFO  [org.neo4j]: /home/johndoe/Dokumente/SoftwareDevelopment/springsource workspace/TimeTest/data/graph.db/neostore.relationshiptypestore.db hit=0 miss=0 switches=0 ooe=0
2013-11-11 08:49:54.247+0000 INFO  [org.neo4j]: [/home/johndoe/Dokumente/SoftwareDevelopment/springsource workspace/TimeTest/data/graph.db/neostore.relationshiptypestore.db.names] brickCount=0 brickSize=0b mappedMem=0b (storeSize=38b)
2013-11-11 08:49:54.248+0000 INFO  [org.neo4j]: [/home/johndoe/Dokumente/SoftwareDevelopment/springsource workspace/TimeTest/data/graph.db/neostore.relationshiptypestore.db] brickCount=0 brickSize=0b mappedMem=0b (storeSize=0b)
2013-11-11 08:49:54.248+0000 INFO  [org.neo4j]: [/home/johndoe/Dokumente/SoftwareDevelopment/springsource workspace/TimeTest/data/graph.db/neostore.propertystore.db.strings] brickCount=0 brickSize=430848b mappedMem=430964736b (storeSize=128b)
2013-11-11 08:49:54.249+0000 INFO  [org.neo4j]: [/home/johndoe/Dokumente/SoftwareDevelopment/springsource workspace/TimeTest/data/graph.db/neostore.propertystore.db.index.keys] brickCount=0 brickSize=0b mappedMem=0b (storeSize=38b)
2013-11-11 08:49:54.251+0000 INFO  [org.neo4j]: [/home/johndoe/Dokumente/SoftwareDevelopment/springsource workspace/TimeTest/data/graph.db/neostore.propertystore.db.index] brickCount=0 brickSize=0b mappedMem=0b (storeSize=0b)
2013-11-11 08:49:54.252+0000 INFO  [org.neo4j]: [/home/johndoe/Dokumente/SoftwareDevelopment/springsource workspace/TimeTest/data/graph.db/neostore.propertystore.db.arrays] brickCount=0 brickSize=488576b mappedMem=488636416b (storeSize=128b)
2013-11-11 08:49:54.256+0000 INFO  [org.neo4j]: [/home/johndoe/Dokumente/SoftwareDevelopment/springsource workspace/TimeTest/data/graph.db/neostore.propertystore.db] brickCount=0 brickSize=5064607b mappedMem=506462208b (storeSize=0b)
2013-11-11 08:49:54.258+0000 INFO  [org.neo4j]: [/home/johndoe/Dokumente/SoftwareDevelopment/springsource workspace/TimeTest/data/graph.db/neostore.relationshipstore.db] brickCount=0 brickSize=6207564b mappedMem=620756992b (storeSize=0b)
2013-11-11 08:49:54.258+0000 INFO  [org.neo4j]: [/home/johndoe/Dokumente/SoftwareDevelopment/springsource workspace/TimeTest/data/graph.db/neostore.nodestore.db] brickCount=0 brickSize=140508b mappedMem=140509184b (storeSize=9b)
2013-11-11 08:49:54.259+0000 INFO  [org.neo4j]: [/home/johndoe/Dokumente/SoftwareDevelopment/springsource workspace/TimeTest/data/graph.db/neostore] brickCount=0 brickSize=0b mappedMem=0b (storeSize=0b)
2013-11-11 08:49:54.289+0000 INFO  [org.neo4j]: /home/johndoe/Dokumente/SoftwareDevelopment/springsource workspace/TimeTest/data/graph.db/neostore.relationshiptypestore.db.names hit=0 miss=0 switches=0 ooe=0
2013-11-11 08:49:54.330+0000 INFO  [org.neo4j]: /home/johndoe/Dokumente/SoftwareDevelopment/springsource workspace/TimeTest/data/graph.db/neostore.relationshiptypestore.db hit=0 miss=0 switches=0 ooe=0
2013-11-11 08:49:54.380+0000 INFO  [org.neo4j]: /home/johndoe/Dokumente/SoftwareDevelopment/springsource workspace/TimeTest/data/graph.db/neostore.propertystore.db.strings hit=0 miss=0 switches=0 ooe=0
2013-11-11 08:49:54.428+0000 INFO  [org.neo4j]: /home/johndoe/Dokumente/SoftwareDevelopment/springsource workspace/TimeTest/data/graph.db/neostore.propertystore.db.index.keys hit=0 miss=0 switches=0 ooe=0
2013-11-11 08:49:54.472+0000 INFO  [org.neo4j]: /home/johndoe/Dokumente/SoftwareDevelopment/springsource workspace/TimeTest/data/graph.db/neostore.propertystore.db.index hit=0 miss=0 switches=0 ooe=0
2013-11-11 08:49:54.525+0000 INFO  [org.neo4j]: /home/johndoe/Dokumente/SoftwareDevelopment/springsource workspace/TimeTest/data/graph.db/neostore.propertystore.db.arrays hit=0 miss=0 switches=0 ooe=0
2013-11-11 08:49:54.572+0000 INFO  [org.neo4j]: /home/johndoe/Dokumente/SoftwareDevelopment/springsource workspace/TimeTest/data/graph.db/neostore.propertystore.db hit=0 miss=0 switches=0 ooe=0
2013-11-11 08:49:54.630+0000 INFO  [org.neo4j]: /home/johndoe/Dokumente/SoftwareDevelopment/springsource workspace/TimeTest/data/graph.db/neostore.relationshipstore.db hit=0 miss=0 switches=0 ooe=0
2013-11-11 08:49:54.691+0000 INFO  [org.neo4j]: /home/johndoe/Dokumente/SoftwareDevelopment/springsource workspace/TimeTest/data/graph.db/neostore.nodestore.db hit=0 miss=0 switches=0 ooe=0
2013-11-11 08:49:54.772+0000 INFO  [org.neo4j]: /home/johndoe/Dokumente/SoftwareDevelopment/springsource workspace/TimeTest/data/graph.db/neostore hit=0 miss=8 switches=0 ooe=0
2013-11-11 08:49:54.826+0000 INFO  [org.neo4j]: [/home/johndoe/Dokumente/SoftwareDevelopment/springsource workspace/TimeTest/data/graph.db/neostore.relationshiptypestore.db.names] brickCount=0 brickSize=0b mappedMem=0b (storeSize=38b)
2013-11-11 08:49:54.826+0000 INFO  [org.neo4j]: [/home/johndoe/Dokumente/SoftwareDevelopment/springsource workspace/TimeTest/data/graph.db/neostore.relationshiptypestore.db] brickCount=0 brickSize=0b mappedMem=0b (storeSize=0b)
2013-11-11 08:49:54.827+0000 INFO  [org.neo4j]: [/home/johndoe/Dokumente/SoftwareDevelopment/springsource workspace/TimeTest/data/graph.db/neostore.propertystore.db.strings] brickCount=0 brickSize=430848b mappedMem=430964736b (storeSize=128b)
2013-11-11 08:49:54.827+0000 INFO  [org.neo4j]: [/home/johndoe/Dokumente/SoftwareDevelopment/springsource workspace/TimeTest/data/graph.db/neostore.propertystore.db.index.keys] brickCount=0 brickSize=0b mappedMem=0b (storeSize=38b)
2013-11-11 08:49:54.828+0000 INFO  [org.neo4j]: [/home/johndoe/Dokumente/SoftwareDevelopment/springsource workspace/TimeTest/data/graph.db/neostore.propertystore.db.index] brickCount=0 brickSize=0b mappedMem=0b (storeSize=0b)
2013-11-11 08:49:54.828+0000 INFO  [org.neo4j]: [/home/johndoe/Dokumente/SoftwareDevelopment/springsource workspace/TimeTest/data/graph.db/neostore.propertystore.db.arrays] brickCount=0 brickSize=488576b mappedMem=488636416b (storeSize=128b)
2013-11-11 08:49:54.829+0000 INFO  [org.neo4j]: [/home/johndoe/Dokumente/SoftwareDevelopment/springsource workspace/TimeTest/data/graph.db/neostore.propertystore.db] brickCount=0 brickSize=5064607b mappedMem=506462208b (storeSize=0b)
2013-11-11 08:49:54.829+0000 INFO  [org.neo4j]: [/home/johndoe/Dokumente/SoftwareDevelopment/springsource workspace/TimeTest/data/graph.db/neostore.relationshipstore.db] brickCount=0 brickSize=6207564b mappedMem=620756992b (storeSize=0b)
2013-11-11 08:49:54.830+0000 INFO  [org.neo4j]: [/home/johndoe/Dokumente/SoftwareDevelopment/springsource workspace/TimeTest/data/graph.db/neostore.nodestore.db] brickCount=0 brickSize=140508b mappedMem=140509184b (storeSize=9b)
2013-11-11 08:49:54.830+0000 INFO  [org.neo4j]: [/home/johndoe/Dokumente/SoftwareDevelopment/springsource workspace/TimeTest/data/graph.db/neostore] brickCount=0 brickSize=0b mappedMem=0b (storeSize=54b)
2013-11-11 08:49:54.844+0000 INFO  [org.neo4j]: Opened logical log [/home/johndoe/Dokumente/SoftwareDevelopment/springsource workspace/TimeTest/data/graph.db/nioneo_logical.log.1] version=0, lastTxId=1 (clean)
2013-11-11 08:49:54.876+0000 INFO  [org.neo4j]: TM new log: tm_tx_log.1
2013-11-11 08:49:54.936+0000 INFO  [org.neo4j]: Opened logical log [/home/johndoe/Dokumente/SoftwareDevelopment/springsource workspace/TimeTest/data/graph.db/index/lucene.log.1] version=0, lastTxId=1 (clean)
2013-11-11 08:49:54.970+0000 INFO  [org.neo4j]: --- STARTED diagnostics for KernelDiagnostics:Versions START ---
2013-11-11 08:49:54.970+0000 INFO  [org.neo4j]: Graph Database: org.neo4j.kernel.EmbeddedGraphDatabase StoreId[time:1384159793349, id:-6138898024580515519, store version: 13561656364791302]
2013-11-11 08:49:54.970+0000 INFO  [org.neo4j]: Kernel version: Neo4j - Graph Database Kernel 1.9.4
2013-11-11 08:49:54.970+0000 INFO  [org.neo4j]: Neo4j component versions:
2013-11-11 08:49:54.972+0000 INFO  [org.neo4j]:   Neo4j - Graph Database Kernel 1.9.4
2013-11-11 08:49:54.972+0000 INFO  [org.neo4j]: --- STARTED diagnostics for KernelDiagnostics:Versions END ---
2013-11-11 08:49:54.976+0000 INFO  [org.neo4j]: --- STARTED diagnostics for NEO_STORE_VERSIONS START ---
2013-11-11 08:49:54.976+0000 INFO  [org.neo4j]: Store versions:
    Store versions:
      NeoStore v0.A.0
      NodeStore v0.A.0
      RelationshipStore v0.A.0
      RelationshipTypeStore v0.A.0
      PropertyStore v0.A.0
      PropertyIndexStore v0.A.0
      StringPropertyStore v0.A.0
      ArrayPropertyStore v0.A.0
2013-11-11 08:49:54.977+0000 INFO  [org.neo4j]: --- STARTED diagnostics for NEO_STORE_VERSIONS END ---
2013-11-11 08:49:54.977+0000 INFO  [org.neo4j]: --- STARTED diagnostics for NEO_STORE_ID_USAGE START ---
2013-11-11 08:49:54.977+0000 INFO  [org.neo4j]: Id usage:
    Id usage:
      NodeStore: used=1 high=0
      RelationshipStore: used=0 high=-1
      RelationshipTypeStore: used=0 high=-1
      PropertyStore: used=0 high=-1
      PropertyIndexStore: used=0 high=-1
      StringPropertyStore: used=1 high=0
      ArrayPropertyStore: used=1 high=0
2013-11-11 08:49:54.978+0000 INFO  [org.neo4j]: --- STARTED diagnostics for NEO_STORE_ID_USAGE END ---
2013-11-11 08:49:54.978+0000 INFO  [org.neo4j]: --- STARTED diagnostics for PERSISTENCE_WINDOW_POOL_STATS START ---
2013-11-11 08:49:54.978+0000 INFO  [org.neo4j]: --- STARTED diagnostics for PERSISTENCE_WINDOW_POOL_STATS END ---
2013-11-11 08:49:54.978+0000 INFO  [org.neo4j]: --- STARTED diagnostics for KernelDiagnostics:StoreFiles START ---
2013-11-11 08:49:54.979+0000 INFO  [org.neo4j]: Disk space on partition (Total / Free / Free %): 91739062272 / 28783419392 / 31
Storage files: (filename : modification date - size)
      nioneo_logical.log.active: 2013-11-11T09:49:54+0100 - 4,00 B
      neostore.propertystore.db.strings.id: 2013-11-11T09:49:54+0100 - 9,00 B
      neostore.propertystore.db.index.keys: 2013-11-11T09:49:54+0100 - 38,00 B
      neostore.propertystore.db: 2013-11-11T09:49:54+0100 - 0,00 B
      neostore.propertystore.db.arrays: 2013-11-11T09:49:54+0100 - 128,00 B
      tm_tx_log.1: 2013-11-11T09:49:54+0100 - 0,00 B
      neostore.propertystore.db.strings: 2013-11-11T09:49:54+0100 - 128,00 B
      neostore.relationshipstore.db: 2013-11-11T09:49:54+0100 - 0,00 B
      neostore.relationshiptypestore.db: 2013-11-11T09:49:54+0100 - 0,00 B
      neostore.relationshiptypestore.db.names: 2013-11-11T09:49:54+0100 - 38,00 B
      neostore.nodestore.db.id: 2013-11-11T09:49:54+0100 - 9,00 B
      messages.log: 2013-11-11T09:49:54+0100 - 22,31 kB
      lock: 2013-11-11T09:49:54+0100 - 0,00 B
      neostore: 2013-11-11T09:49:54+0100 - 54,00 B
      neostore.propertystore.db.arrays.id: 2013-11-11T09:49:54+0100 - 9,00 B
      nioneo_logical.log.1: 2013-11-11T09:49:54+0100 - 16,00 B
      active_tx_log: 2013-11-11T09:49:54+0100 - 11,00 B
      store_lock: 2013-11-11T09:49:53+0100 - 0,00 B
      neostore.relationshiptypestore.db.id: 2013-11-11T09:49:54+0100 - 9,00 B
      neostore.nodestore.db: 2013-11-11T09:49:54+0100 - 9,00 B
      neostore.propertystore.db.index.id: 2013-11-11T09:49:54+0100 - 9,00 B
      neostore.propertystore.db.index: 2013-11-11T09:49:54+0100 - 0,00 B
      neostore.relationshiptypestore.db.names.id: 2013-11-11T09:49:54+0100 - 9,00 B
      neostore.propertystore.db.index.keys.id: 2013-11-11T09:49:54+0100 - 9,00 B
      neostore.relationshipstore.db.id: 2013-11-11T09:49:54+0100 - 9,00 B
      neostore.propertystore.db.id: 2013-11-11T09:49:54+0100 - 9,00 B
      neostore.id: 2013-11-11T09:49:54+0100 - 9,00 B
      index:
        lucene.log.active: 2013-11-11T09:49:54+0100 - 4,00 B
        lucene.log.1: 2013-11-11T09:49:54+0100 - 16,00 B
        lucene-store.db: 2013-11-11T09:49:54+0100 - 40,00 B
      - Total: 2013-11-11T09:49:54+0100 - 60,00 B
2013-11-11 08:50:28.529+0000: WARNING! Deprecated configuration options used. See manual for details
2013-11-11 08:50:28.530+0000: cannot configure writers and searchers individually since they go together
2013-11-11 08:50:28.589+0000: [/home/johndoe/Dokumente/SoftwareDevelopment/springsource workspace/TimeTest/data/graph.db/neostore.relationshiptypestore.db.names] brickCount=0 brickSize=0b mappedMem=0b (storeSize=38b)
2013-11-11 08:50:28.591+0000: [/home/johndoe/Dokumente/SoftwareDevelopment/springsource workspace/TimeTest/data/graph.db/neostore.relationshiptypestore.db] brickCount=0 brickSize=0b mappedMem=0b (storeSize=0b)
2013-11-11 08:50:28.592+0000: [/home/johndoe/Dokumente/SoftwareDevelopment/springsource workspace/TimeTest/data/graph.db/neostore.propertystore.db.strings] brickCount=1 brickSize=430848b mappedMem=430964736b (storeSize=430848b)
2013-11-11 08:50:28.592+0000: [/home/johndoe/Dokumente/SoftwareDevelopment/springsource workspace/TimeTest/data/graph.db/neostore.propertystore.db.index.keys] brickCount=0 brickSize=1026b mappedMem=1048576b (storeSize=342b)
2013-11-11 08:50:28.593+0000: [/home/johndoe/Dokumente/SoftwareDevelopment/springsource workspace/TimeTest/data/graph.db/neostore.propertystore.db.index] brickCount=0 brickSize=1044b mappedMem=1048576b (storeSize=72b)
2013-11-11 08:50:28.594+0000: [/home/johndoe/Dokumente/SoftwareDevelopment/springsource workspace/TimeTest/data/graph.db/neostore.propertystore.db.arrays] brickCount=0 brickSize=488576b mappedMem=488636416b (storeSize=128b)
2013-11-11 08:50:28.596+0000: [/home/johndoe/Dokumente/SoftwareDevelopment/springsource workspace/TimeTest/data/graph.db/neostore.propertystore.db] brickCount=10 brickSize=506432b mappedMem=506462208b (storeSize=5064607b)
2013-11-11 08:50:28.597+0000: [/home/johndoe/Dokumente/SoftwareDevelopment/springsource workspace/TimeTest/data/graph.db/neostore.relationshipstore.db] brickCount=0 brickSize=6207564b mappedMem=620756992b (storeSize=0b)
2013-11-11 08:50:28.598+0000: [/home/johndoe/Dokumente/SoftwareDevelopment/springsource workspace/TimeTest/data/graph.db/neostore.nodestore.db] brickCount=1 brickSize=140508b mappedMem=140509184b (storeSize=140508b)
2013-11-11 08:50:28.598+0000: [/home/johndoe/Dokumente/SoftwareDevelopment/springsource workspace/TimeTest/data/graph.db/neostore] brickCount=0 brickSize=0b mappedMem=0b (storeSize=54b)
2013-11-11 08:50:28.628+0000: --- STARTUP diagnostics START ---
2013-11-11 08:50:28.630+0000: Neo4j Kernel properties:
    forced_kernel_id=
    read_only=true
    neo4j.ext.udc.host=udc.neo4j.org
    logical_log=nioneo_logical.log
    node_auto_indexing=false
    intercept_committing_transactions=false
    remote_shell_name=shell
    cache_type=soft
    intercept_deserialized_transactions=false
    lucene_searcher_cache_size=2147483647
    neo4j.ext.udc.interval=86400000
    use_memory_mapped_buffers=true
    rebuild_idgenerators_fast=true
    neostore.propertystore.db.index.keys.mapped_memory=1M
    neostore.propertystore.db.arrays.mapped_memory=466M
    neostore.propertystore.db.strings.mapped_memory=411M
    gcr_cache_min_log_interval=60s
    relationship_grab_size=100
    relationship_auto_indexing=false
    remote_shell_read_only=false
    node_cache_array_fraction=1.0
    allow_store_upgrade=true
    execution_guard_enabled=false
    relationship_cache_array_fraction=1.0
    remote_logging_host=127.0.0.1
    store_dir=/home/johndoe/Dokumente/SoftwareDevelopment/springsource workspace/TimeTest/data/graph.db
    online_backup_enabled=false
    remote_logging_port=4560
    gc_monitor_threshold=200ms
    array_block_size=120
    load_kernel_extensions=true
    neostore.relationshipstore.db.mapped_memory=592M
    keep_logical_logs=true
    dump_configuration=false
    gc_monitor_wait_time=100ms
    neostore.nodestore.db.mapped_memory=134M
    neo4j.ext.udc.first_delay=600000
    remote_shell_enabled=false
    neo4j.ext.udc.reg=unreg
    remote_shell_port=1337
    neo_store=neostore
    logging.threshold_for_rotation=104857600
    neostore.propertystore.db.index.mapped_memory=1M
    backup_slave=false
    neostore.propertystore.db.mapped_memory=483M
    string_block_size=120
    grab_file_lock=true
    remote_logging_enabled=false
    neo4j.ext.udc.enabled=true
    online_backup_port=6362
2013-11-11 08:50:28.632+0000: Diagnostics providers:
    org.neo4j.kernel.configuration.Config
    org.neo4j.kernel.info.DiagnosticsManager
    SYSTEM_MEMORY
    JAVA_MEMORY
    OPERATING_SYSTEM
    JAVA_VIRTUAL_MACHINE
    CLASSPATH
    LIBRARY_PATH
    SYSTEM_PROPERTIES
    LINUX_SCHEDULERS
    NETWORK
2013-11-11 08:50:28.633+0000: System memory information:
    Total Physical memory: 5,84 GB
    Free Physical memory: 196,59 MB
    Committed virtual memory: 1,99 GB
    Total swap space: 3,71 GB
    Free swap space: 3,67 GB
2013-11-11 08:50:28.635+0000: JVM memory information:
    Free  memory: 52,10 MB
    Total memory: 89,56 MB
    Max   memory: 1,30 GB
    Garbage Collector: PS Scavenge: [PS Eden Space, PS Survivor Space]
    Garbage Collector: PS MarkSweep: [PS Eden Space, PS Survivor Space, PS Old Gen, PS Perm Gen]
    Memory Pool: Code Cache (Non-heap memory): committed=2,44 MB, used=1,17 MB, max=48,00 MB, threshold=0,00 B
    Memory Pool: PS Eden Space (Heap memory): committed=23,38 MB, used=16,87 MB, max=490,88 MB, threshold=?
    Memory Pool: PS Survivor Space (Heap memory): committed=3,88 MB, used=3,86 MB, max=3,88 MB, threshold=?
    Memory Pool: PS Old Gen (Heap memory): committed=62,31 MB, used=16,73 MB, max=997,38 MB, threshold=0,00 B
    Memory Pool: PS Perm Gen (Non-heap memory): committed=32,00 MB, used=31,97 MB, max=82,00 MB, threshold=0,00 B
2013-11-11 08:50:28.640+0000: Operating system information:
    Operating System: Linux; version: 3.2.0-4-amd64; arch: amd64; cpus: 8
    Max number of file descriptors: 4096
    Number of open file descriptors: 93
    Process id: 13529@challenge.org
    Byte order: LITTLE_ENDIAN
    Local timezone: Europe/Vienna
2013-11-11 08:50:28.641+0000: JVM information:
    VM Name: Java HotSpot(TM) 64-Bit Server VM
    VM Vendor: Oracle Corporation
    VM Version: 23.25-b01
    JIT compiler: HotSpot 64-Bit Tiered Compilers
    VM Arguments: []
2013-11-11 08:50:28.642+0000: Java classpath:
     [bootstrap] /usr/lib/jvm/jdk1.7.0_25/jre/lib/charsets.jar
     [bootstrap] /usr/lib/jvm/jdk1.7.0_25/jre/classes
     [bootstrap] /usr/lib/jvm/jdk1.7.0_25/jre/lib/resources.jar
     [classpath] /home/johndoe/Dokumente/SoftwareDevelopment/Library/neoclipse1.8-linux.gtk.x86_64/eclipse/plugins/org.eclipse.equinox.launcher_1.3.0.v20120522-1813.jar
     [bootstrap] /usr/lib/jvm/jdk1.7.0_25/jre/lib/jce.jar
     [bootstrap] /usr/lib/jvm/jdk1.7.0_25/jre/lib/rt.jar
     [bootstrap] /usr/lib/jvm/jdk1.7.0_25/jre/lib/sunrsasign.jar
     [bootstrap] /usr/lib/jvm/jdk1.7.0_25/jre/lib/jfr.jar
     [bootstrap] /usr/lib/jvm/jdk1.7.0_25/jre/lib/jsse.jar
2013-11-11 08:50:28.642+0000: Library path:
    /usr/java/packages/lib/amd64
    /usr/lib64
    /lib64
    /lib
    /usr/lib
2013-11-11 08:50:28.643+0000: System.properties:
    osgi.bundles.defaultStartLevel = 4
    sun.java.launcher = SUN_STANDARD
    org.osgi.supports.framework.extension = true
    sun.management.compiler = HotSpot 64-Bit Tiered Compilers
    eclipse.p2.profile = profile
    osgi.ws = gtk
    sun.desktop = gnome
    osgi.instance.area = file:/home/johndoe/Dokumente/SoftwareDevelopment/Library/neoclipse1.8-linux.gtk.x86_64/eclipse/neoclipse-workspace/
    org.osgi.framework.uuid = a0e9004c-ae4a-0013-13ac-e00af3ab259c
    user.name = johndoe
    osgi.framework.extensions = 
    org.osgi.framework.system.packages = javax.accessibility,javax.activation,javax.activity,javax.annotation,javax.annotation.processing,javax.crypto,javax.crypto.interfaces,javax.crypto.spec,javax.imageio,javax.imageio.event,javax.imageio.metadata,javax.imageio.plugins.bmp,javax.imageio.plugins.jpeg,javax.imageio.spi,javax.imageio.stream,javax.jws,javax.jws.soap,javax.lang.model,javax.lang.model.element,javax.lang.model.type,javax.lang.model.util,javax.management,javax.management.event,javax.management.loading,javax.management.modelmbean,javax.management.monitor,javax.management.namespace,javax.management.openmbean,javax.management.relation,javax.management.remote,javax.management.remote.rmi,javax.management.timer,javax.naming,javax.naming.directory,javax.naming.event,javax.naming.ldap,javax.naming.spi,javax.net,javax.net.ssl,javax.print,javax.print.attribute,javax.print.attribute.standard,javax.print.event,javax.rmi,javax.rmi.CORBA,javax.rmi.ssl,javax.script,javax.security.auth,javax.security.auth.callback,javax.security.auth.kerberos,javax.security.auth.login,javax.security.auth.spi,javax.security.auth.x500,javax.security.cert,javax.security.sasl,javax.sound.midi,javax.sound.midi.spi,javax.sound.sampled,javax.sound.sampled.spi,javax.sql,javax.sql.rowset,javax.sql.rowset.serial,javax.sql.rowset.spi,javax.swing,javax.swing.border,javax.swing.colorchooser,javax.swing.event,javax.swing.filechooser,javax.swing.plaf,javax.swing.plaf.basic,javax.swing.plaf.metal,javax.swing.plaf.multi,javax.swing.plaf.nimbus,javax.swing.plaf.synth,javax.swing.table,javax.swing.text,javax.swing.text.html,javax.swing.text.html.parser,javax.swing.text.rtf,javax.swing.tree,javax.swing.undo,javax.tools,javax.transaction,javax.transaction.xa,javax.xml,javax.xml.bind,javax.xml.bind.annotation,javax.xml.bind.annotation.adapters,javax.xml.bind.attachment,javax.xml.bind.helpers,javax.xml.bind.util,javax.xml.crypto,javax.xml.crypto.dom,javax.xml.crypto.dsig,javax.xml.crypto.dsig.dom,javax.xml.crypto.dsig.keyinfo,javax.xml.crypto.dsig.spec,javax.xml.datatype,javax.xml.namespace,javax.xml.parsers,javax.xml.soap,javax.xml.stream,javax.xml.stream.events,javax.xml.stream.util,javax.xml.transform,javax.xml.transform.dom,javax.xml.transform.sax,javax.xml.transform.stax,javax.xml.transform.stream,javax.xml.validation,javax.xml.ws,javax.xml.ws.handler,javax.xml.ws.handler.soap,javax.xml.ws.http,javax.xml.ws.soap,javax.xml.ws.spi,javax.xml.ws.spi.http,javax.xml.ws.wsaddressing,javax.xml.xpath,org.ietf.jgss,org.omg.CORBA,org.omg.CORBA_2_3,org.omg.CORBA_2_3.portable,org.omg.CORBA.DynAnyPackage,org.omg.CORBA.ORBPackage,org.omg.CORBA.portable,org.omg.CORBA.TypeCodePackage,org.omg.CosNaming,org.omg.CosNaming.NamingContextExtPackage,org.omg.CosNaming.NamingContextPackage,org.omg.Dynamic,org.omg.DynamicAny,org.omg.DynamicAny.DynAnyFactoryPackage,org.omg.DynamicAny.DynAnyPackage,org.omg.IOP,org.omg.IOP.CodecFactoryPackage,org.omg.IOP.CodecPackage,org.omg.Messaging,org.omg.PortableInterceptor,org.omg.PortableInterceptor.ORBInitInfoPackage,org.omg.PortableServer,org.omg.PortableServer.CurrentPackage,org.omg.PortableServer.POAManagerPackage,org.omg.PortableServer.POAPackage,org.omg.PortableServer.portable,org.omg.PortableServer.ServantLocatorPackage,org.omg.SendingContext,org.omg.stub.java.rmi,org.w3c.dom,org.w3c.dom.bootstrap,org.w3c.dom.css,org.w3c.dom.events,org.w3c.dom.html,org.w3c.dom.ls,org.w3c.dom.ranges,org.w3c.dom.stylesheets,org.w3c.dom.traversal,org.w3c.dom.views,org.w3c.dom.xpath,org.xml.sax,org.xml.sax.ext,org.xml.sax.helpers
    eclipse.launcher = /home/johndoe/Dokumente/SoftwareDevelopment/Library/neoclipse1.8-linux.gtk.x86_64/eclipse/neoclipse
    eclipse.launcher.name = Neoclipse
    org.osgi.framework.language = de
    user.language = de
    org.osgi.framework.processor = x86-64
    osgi.syspath = /home/johndoe/Dokumente/SoftwareDevelopment/Library/neoclipse1.8-linux.gtk.x86_64/eclipse/plugins
    sun.boot.library.path = /usr/lib/jvm/jdk1.7.0_25/jre/lib/amd64
    org.osgi.framework.system.capabilities = osgi.ee; osgi.ee="OSGi/Minimum"; version:List<Version>="1.0, 1.1, 1.2",osgi.ee; osgi.ee="JRE"; version:List<Version>="1.0, 1.1",osgi.ee; osgi.ee="JavaSE"; version:List<Version>="1.0, 1.1, 1.2, 1.3, 1.4, 1.5, 1.6, 1.7"
    osgi.manifest.cache = /home/johndoe/Dokumente/SoftwareDevelopment/Library/neoclipse1.8-linux.gtk.x86_64/eclipse/configuration/org.eclipse.osgi/manifests
    org.osgi.framework.os.name = Linux
    user.timezone = Europe/Vienna
    sun.arch.data.model = 64
    osgi.bundles = reference:file:com.ibm.icu_4.4.2.v20110823.jar@4,reference:file:com.springsource.javax.jms_1.1.0.jar@4,reference:file:javax.activation_1.1.0.v201108011116.jar@4,reference:file:javax.el_2.2.0.v201108011116.jar@4,reference:file:javax.mail_1.4.0.v201005080615.jar@4,reference:file:javax.servlet_3.0.0.v201112011016.jar@4,reference:file:javax.servlet.jsp_2.2.0.v201112011158.jar@4,reference:file:javax.xml_1.3.4.v201005080400.jar@4,reference:file:org.apache.ant_1.8.3.v20120321-1730/@4,reference:file:org.apache.commons.logging_1.1.1.v201005080502.jar@4,reference:file:org.apache.jasper.glassfish_2.2.2.v201205150955.jar@4,reference:file:org.apache.lucene_1.9.1.v201101211617.jar@4,reference:file:org.apache.lucene_2.9.1.v201101211721.jar@4,reference:file:org.apache.lucene.analysis_2.9.1.v201101211721.jar@4,reference:file:org.apache.lucene.core_2.9.1.v201101211721.jar@4,reference:file:org.apache.xerces_2.9.0.v201101211617.jar@4,reference:file:org.apache.xml.resolver_1.2.0.v201005080400.jar@4,reference:file:org.apache.xml.serializer_2.7.1.v201005080400.jar@4,reference:file:org.eclipse.ant.core_3.2.400.v20120523-1742.jar@4,reference:file:org.eclipse.compare_3.5.300.v20120522-1148.jar@4,reference:file:org.eclipse.compare.core_3.5.200.v20120522-1148.jar@4,reference:file:org.eclipse.core.commands_3.6.1.v20120521-2332.jar@4,reference:file:org.eclipse.core.contenttype_3.4.200.v20120523-2004.jar@4,reference:file:org.eclipse.core.databinding_1.4.1.v20120521-2332.jar@4,reference:file:org.eclipse.core.databinding.observable_1.4.1.v20120521-2332.jar@4,reference:file:org.eclipse.core.databinding.property_1.4.100.v20120523-1956.jar@4,reference:file:org.eclipse.core.expressions_3.4.400.v20120523-2004.jar@4,reference:file:org.eclipse.core.filebuffers_3.5.200.v20120523-1310.jar@4,reference:file:org.eclipse.core.filesystem_1.3.200.v20120522-2012.jar@4,reference:file:org.eclipse.core.filesystem.linux.x86_64_1.2.0.v20120522-1137.jar@4,reference:file:org.eclipse.core.jobs_3.5.200.v20120521-2346.jar@4,reference:file:org.eclipse.core.net_1.2.200.v20120522-1148.jar@4,reference:file:org.eclipse.core.net.linux.x86_64_1.1.0.v20120522-1148.jar@4,reference:file:org.eclipse.core.resources_3.8.0.v20120522-2034.jar@4,reference:file:org.eclipse.core.runtime_3.8.0.v20120521-2346.jar@4:start,reference:file:org.eclipse.core.runtime.compatibility_3.2.200.v20120521-2346.jar@4,reference:file:org.eclipse.core.runtime.compatibility.auth_3.2.300.v20120523-2004.jar@4,reference:file:org.eclipse.core.runtime.compatibility.registry_3.5.100.v20120521-2346/@4,reference:file:org.eclipse.core.variables_3.2.600.v20120521-2012.jar@4,reference:file:org.eclipse.draw2d_3.8.0.201206112118.jar@4,reference:file:org.eclipse.emf.common_2.8.0.v20120606-0717.jar@4,reference:file:org.eclipse.emf.ecore_2.8.0.v20120606-0717.jar@4,reference:file:org.eclipse.emf.ecore.change_2.8.0.v20120606-0717.jar@4,reference:file:org.eclipse.emf.ecore.edit_2.8.0.v20120608-0554.jar@4,reference:file:org.eclipse.emf.ecore.xmi_2.8.0.v20120606-0717.jar@4,reference:file:org.eclipse.emf.edit_2.8.0.v20120608-0554.jar@4,reference:file:org.eclipse.equinox.app_1.3.100.v20120522-1841.jar@4,reference:file:org.eclipse.equinox.common_3.6.100.v20120522-1841.jar@2:start,reference:file:org.eclipse.equinox.http.jetty_3.0.0.v20120522-1841.jar@4,reference:file:org.eclipse.equinox.http.registry_1.1.200.v20120522-2049.jar@4,reference:file:org.eclipse.equinox.http.servlet_1.1.300.v20120522-1841.jar@4,reference:file:org.eclipse.equinox.jsp.jasper_1.0.400.v20120522-2049.jar@4,reference:file:org.eclipse.equinox.jsp.jasper.registry_1.0.300.v20120522-2049.jar@4,reference:file:org.eclipse.equinox.launcher_1.3.0.v20120522-1813.jar@4,reference:file:org.eclipse.equinox.launcher.gtk.linux.x86_64_1.1.200.v20120522-1813/@4,reference:file:org.eclipse.equinox.p2.core_2.2.0.v20120430-0525.jar@4,reference:file:org.eclipse.equinox.p2.engine_2.2.0.v20120501-1502.jar@4,reference:file:org.eclipse.equinox.p2.metadata_2.1.0.v20120430-2001.jar@4,reference:file:org.eclipse.equinox.p2.metadata.repository_1.2.100.v20120524-1717.jar@4,reference:file:org.eclipse.equinox.p2.repository_2.2.0.v20120524-1945.jar@4,reference:file:org.eclipse.equinox.preferences_3.5.0.v20120522-1841.jar@4,reference:file:org.eclipse.equinox.registry_3.5.200.v20120522-1841.jar@4,reference:file:org.eclipse.equinox.security_1.1.100.v20120522-1841.jar@4,reference:file:org.eclipse.gef_3.8.0.201206112118.jar@4,reference:file:org.eclipse.help_3.6.0.v20120521-2344.jar@4,reference:file:org.eclipse.help.appserver_3.1.400.v20120521-2344.jar@4,reference:file:org.eclipse.help.base_3.6.100.v201206081200.jar@4,reference:file:org.eclipse.help.ui_3.5.200.v20120521-2344.jar@4,reference:file:org.eclipse.help.webapp_3.6.100.v20120521-2344.jar@4,reference:file:org.eclipse.jem.util_2.1.100.v201103021400.jar@4,reference:file:org.eclipse.jetty.continuation_8.1.3.v20120522.jar@4,reference:file:org.eclipse.jetty.http_8.1.3.v20120522.jar@4,reference:file:org.eclipse.jetty.io_8.1.3.v20120522.jar@4,reference:file:org.eclipse.jetty.security_8.1.3.v20120522.jar@4,reference:file:org.eclipse.jetty.server_8.1.3.v20120522.jar@4,reference:file:org.eclipse.jetty.servlet_8.1.3.v20120522.jar@4,reference:file:org.eclipse.jetty.util_8.1.3.v20120522.jar@4,reference:file:org.eclipse.jface_3.8.0.v20120521-2332.jar@4,reference:file:org.eclipse.jface.databinding_1.6.0.v20120521-2332.jar@4,reference:file:org.eclipse.jface.text_3.8.0.v20120531-0600.jar@4,reference:file:org.eclipse.ltk.core.refactoring_3.6.0.v20120523-1543.jar@4,reference:file:org.eclipse.ltk.ui.refactoring_3.7.0.v20120523-1543.jar@4,reference:file:org.eclipse.osgi.services_3.3.100.v20120522-1822.jar@4,reference:file:org.eclipse.osgi.util_3.2.300.v20120522-1822.jar@4,reference:file:org.eclipse.platform_3.8.0.v201206081200/@4,reference:file:org.eclipse.search_3.8.0.v20120523-1540.jar@4,reference:file:org.eclipse.swt_3.8.0.v3833.jar@4,reference:file:org.eclipse.swt.gtk.linux.x86_64_3.8.1.v3834e.jar@4,reference:file:org.eclipse.team.core_3.6.100.v20120524-0627.jar@4,reference:file:org.eclipse.team.ui_3.6.200.v20120522-1148.jar@4,reference:file:org.eclipse.text_3.5.200.v20120523-1310.jar@4,reference:file:org.eclipse.ui_3.8.0.v20120523-1546.jar@4,reference:file:org.eclipse.ui.cheatsheets_3.4.200.v20120521-2344.jar@4,reference:file:org.eclipse.ui.console_3.5.100.v20120521-2012.jar@4,reference:file:org.eclipse.ui.editors_3.8.0.v20120523-1540.jar@4,reference:file:org.eclipse.ui.forms_3.5.200.v20120521-2332.jar@4,reference:file:org.eclipse.ui.ide_3.8.0.v20120521-2332.jar@4,reference:file:org.eclipse.ui.ide.application_1.0.400.v20120523-1956.jar@4,reference:file:org.eclipse.ui.intro_3.4.200.v20120521-2344.jar@4,reference:file:org.eclipse.ui.intro.universal_3.2.600.v20120521-2344/@4,reference:file:org.eclipse.ui.navigator_3.5.200.v20120523-1956.jar@4,reference:file:org.eclipse.ui.navigator.resources_3.4.400.v20120523-1956.jar@4,reference:file:org.eclipse.ui.views_3.6.100.v20120521-2332.jar@4,reference:file:org.eclipse.ui.views.properties.tabbed_3.5.300.v20120523-1956.jar@4,reference:file:org.eclipse.ui.workbench_3.8.0.v20120521-2332.jar@4,reference:file:org.eclipse.ui.workbench.texteditor_3.8.0.v20120523-1310.jar@4,reference:file:org.eclipse.update.configurator_3.3.200.v20120523-1742.jar@4,reference:file:org.eclipse.update.core_3.2.600.v20120530-120908.jar@4,reference:file:org.eclipse.update.ui_3.3.0.v20120523-1742.jar@4,reference:file:org.eclipse.wst.common.core_1.2.0.v200908252030.jar@4,reference:file:org.eclipse.wst.common.emf_1.2.100.v201101101900.jar@4,reference:file:org.eclipse.wst.common.emfworkbench.integration_1.2.101.v201107140600.jar@4,reference:file:org.eclipse.wst.common.environment_1.0.400.v200912181832.jar@4,reference:file:org.eclipse.wst.common.frameworks_1.2.200.v201203141800.jar@4,reference:file:org.eclipse.wst.common.project.facet.core_1.4.300.v201111030424.jar@4,reference:file:org.eclipse.wst.common.uriresolver_1.2.0.v201203071939.jar@4,reference:file:org.eclipse.wst.sse.core_1.1.700.v201205171812.jar@4,reference:file:org.eclipse.wst.validation_1.2.400.v201204260100.jar@4,reference:file:org.eclipse.wst.xml.core_1.1.700.v201204241737.jar@4,reference:file:org.eclipse.wst.xsd.core_1.1.700.v201204102147.jar@4,reference:file:org.eclipse.xsd_2.8.0.v20120608-0554.jar@4,reference:file:org.eclipse.zest.core_1.3.0.201206112118.jar@4,reference:file:org.eclipse.zest.layouts_1.1.0.201206112118.jar@4,reference:file:org.hamcrest.core_1.1.0.v20090501071000.jar@4,reference:file:org.junit_4.10.0.v4_10_0_v20120426-0900/@4,reference:file:org.junit4_4.8.1.v20120523-1257/@4,reference:file:org.neo4j.neoclipse_1.8.0.jar@4,reference:file:org.neo4j.neoclipse.doc_1.8.0.jar@4
    osgi.tracefile = /home/johndoe/Dokumente/SoftwareDevelopment/Library/neoclipse1.8-linux.gtk.x86_64/eclipse/neoclipse-workspace/.metadata/trace.log
    sun.cpu.isalist = 
    sun.jnu.encoding = UTF-8
    eclipse.application = org.neo4j.neoclipse.application
    file.encoding.pkg = sun.io
    org.osgi.framework.vendor = Eclipse
    file.separator = /
    user.country = AT
    org.eclipse.equinox.launcher.splash.location = /home/johndoe/Dokumente/SoftwareDevelopment/Library/neoclipse1.8-linux.gtk.x86_64/eclipse/configuration/org.eclipse.equinox.launcher/org.neo4j.neoclipse_1.8.0/splash.bmp
    osgi.os = linux
    eclipse.commands = -os
linux
-ws
gtk
-arch
x86_64
-showsplash
-launcher
/home/johndoe/Dokumente/SoftwareDevelopment/Library/neoclipse1.8-linux.gtk.x86_64/eclipse/neoclipse
-name
Neoclipse
--launcher.library
/home/johndoe/Dokumente/SoftwareDevelopment/Library/neoclipse1.8-linux.gtk.x86_64/eclipse//plugins/org.eclipse.equinox.launcher.gtk.linux.x86_64_1.1.200.v20120522-1813/eclipse_1502.so
-startup
/home/johndoe/Dokumente/SoftwareDevelopment/Library/neoclipse1.8-linux.gtk.x86_64/eclipse//plugins/org.eclipse.equinox.launcher_1.3.0.v20120522-1813.jar
--launcher.overrideVmargs
-exitdata
2940030
-data
@noDefault
-vm
/usr/bin/java

    osgi.splashLocation = /home/johndoe/Dokumente/SoftwareDevelopment/Library/neoclipse1.8-linux.gtk.x86_64/eclipse/configuration/org.eclipse.equinox.launcher/org.neo4j.neoclipse_1.8.0/splash.bmp
    osgi.arch = x86_64
    path.separator = :
    org.osgi.supports.framework.fragment = true
    osgi.framework.shape = jar
    sun.io.unicode.encoding = UnicodeLittle
    org.osgi.framework.version = 1.7.0
    awt.toolkit = sun.awt.X11.XToolkit
    osgi.install.area = file:/home/johndoe/Dokumente/SoftwareDevelopment/Library/neoclipse1.8-linux.gtk.x86_64/eclipse/
    osgi.framework = file:/home/johndoe/Dokumente/SoftwareDevelopment/Library/neoclipse1.8-linux.gtk.x86_64/eclipse/plugins/org.eclipse.osgi_3.8.0.v20120529-1548.jar
    user.home = /home/johndoe
    osgi.bundlestore = /home/johndoe/Dokumente/SoftwareDevelopment/Library/neoclipse1.8-linux.gtk.x86_64/eclipse/configuration/org.eclipse.osgi/bundles
    osgi.splashPath = platform:/base/plugins/org.neo4j.neoclipse
    osgi.nl = de_AT
    org.osgi.framework.os.version = 3.2.0
    eclipse.startTime = 1384159820729
    eclipse.p2.data.area = @config.dir/../p2
    sun.java.command = /home/johndoe/Dokumente/SoftwareDevelopment/Library/neoclipse1.8-linux.gtk.x86_64/eclipse//plugins/org.eclipse.equinox.launcher_1.3.0.v20120522-1813.jar -os linux -ws gtk -arch x86_64 -showsplash -launcher /home/johndoe/Dokumente/SoftwareDevelopment/Library/neoclipse1.8-linux.gtk.x86_64/eclipse/neoclipse -name Neoclipse --launcher.library /home/johndoe/Dokumente/SoftwareDevelopment/Library/neoclipse1.8-linux.gtk.x86_64/eclipse//plugins/org.eclipse.equinox.launcher.gtk.linux.x86_64_1.1.200.v20120522-1813/eclipse_1502.so -startup /home/johndoe/Dokumente/SoftwareDevelopment/Library/neoclipse1.8-linux.gtk.x86_64/eclipse//plugins/org.eclipse.equinox.launcher_1.3.0.v20120522-1813.jar --launcher.overrideVmargs -exitdata 2940030 -data @noDefault -vm /usr/bin/java -vmargs -jar /home/johndoe/Dokumente/SoftwareDevelopment/Library/neoclipse1.8-linux.gtk.x86_64/eclipse//plugins/org.eclipse.equinox.launcher_1.3.0.v20120522-1813.jar
    org.eclipse.update.reconcile = false
    eclipse.vm = /usr/bin/java
    sun.cpu.endian = little
    sun.os.patch.level = unknown
    gosh.args = --nointeractive
    eclipse.product = org.neo4j.neoclipse.neoclipseProduct
    eclipse.home.location = file:/home/johndoe/Dokumente/SoftwareDevelopment/Library/neoclipse1.8-linux.gtk.x86_64/eclipse/
    user.dir = /home/johndoe/Dokumente/SoftwareDevelopment/Library/neoclipse1.8-linux.gtk.x86_64/eclipse
    org.osgi.supports.framework.requirebundle = true
    file.encoding = UTF-8
    osgi.framework.version = 3.8.0.v20120529-1548
    eclipse.vmargs = -jar
/home/johndoe/Dokumente/SoftwareDevelopment/Library/neoclipse1.8-linux.gtk.x86_64/eclipse//plugins/org.eclipse.equinox.launcher_1.3.0.v20120522-1813.jar

    org.osgi.framework.executionenvironment = OSGi/Minimum-1.0,OSGi/Minimum-1.1,OSGi/Minimum-1.2,JRE-1.1,J2SE-1.2,J2SE-1.3,J2SE-1.4,J2SE-1.5,JavaSE-1.6,JavaSE-1.7
    osgi.logfile = /home/johndoe/Dokumente/SoftwareDevelopment/Library/neoclipse1.8-linux.gtk.x86_64/eclipse/neoclipse-workspace/.metadata/.log
    osgi.configuration.area = file:/home/johndoe/Dokumente/SoftwareDevelopment/Library/neoclipse1.8-linux.gtk.x86_64/eclipse/configuration/
2013-11-11 08:50:28.645+0000: Linux scheduler information:
    noop deadline [cfq] 
    noop deadline [cfq] 
    noop deadline [cfq] 
    none
    none
    none
    none
    none
    none
    none
    none
2013-11-11 08:50:28.647+0000: Network information:
    Interface vmnet8:
        address: fe80:0:0:0:250:56ff:fec0:8%5
        address: 172.16.189.1
    Interface vmnet1:
        address: fe80:0:0:0:250:56ff:fec0:1%4
        address: 172.16.35.1
    Interface eth0:
        address: fe80:0:0:0:224:8cff:fef8:2150%2
        address: 10.0.0.56
    Interface lo:
        address: 0:0:0:0:0:0:0:1%1
        address: 127.0.0.1
2013-11-11 08:50:28.648+0000: --- STARTUP diagnostics END ---
2013-11-11 08:50:28.650+0000: [/home/johndoe/Dokumente/SoftwareDevelopment/springsource workspace/TimeTest/data/graph.db/neostore.propertystore.db.index] Unable to memory map Unable to map pos=0 recordSize=9 totalSize=1044
org.neo4j.kernel.impl.nioneo.store.MappedMemException: Unable to map pos=0 recordSize=9 totalSize=1044
	at org.neo4j.kernel.impl.nioneo.store.MappedPersistenceWindow.<init>(MappedPersistenceWindow.java:61)
	at org.neo4j.kernel.impl.nioneo.store.PersistenceWindowPool.allocateNewWindow(PersistenceWindowPool.java:598)
	at org.neo4j.kernel.impl.nioneo.store.PersistenceWindowPool.expandBricks(PersistenceWindowPool.java:573)
	at org.neo4j.kernel.impl.nioneo.store.PersistenceWindowPool.acquire(PersistenceWindowPool.java:136)
	at org.neo4j.kernel.impl.nioneo.store.CommonAbstractStore.acquireWindow(CommonAbstractStore.java:520)
	at org.neo4j.kernel.impl.nioneo.store.AbstractNameStore.getRecord(AbstractNameStore.java:168)
	at org.neo4j.kernel.impl.nioneo.store.AbstractNameStore.getNames(AbstractNameStore.java:128)
	at org.neo4j.kernel.impl.nioneo.xa.ReadTransaction.loadPropertyIndexes(ReadTransaction.java:284)
	at org.neo4j.kernel.impl.persistence.PersistenceManager.loadPropertyIndexes(PersistenceManager.java:97)
	at org.neo4j.kernel.impl.core.NodeManager.start(NodeManager.java:153)
	at org.neo4j.kernel.lifecycle.LifeSupport$LifecycleInstance.start(LifeSupport.java:402)
	at org.neo4j.kernel.lifecycle.LifeSupport.start(LifeSupport.java:125)
	at org.neo4j.kernel.InternalAbstractGraphDatabase.run(InternalAbstractGraphDatabase.java:227)
	at org.neo4j.kernel.EmbeddedGraphDatabase.<init>(EmbeddedGraphDatabase.java:79)
	at org.neo4j.kernel.EmbeddedGraphDatabase.<init>(EmbeddedGraphDatabase.java:70)
	at org.neo4j.neoclipse.graphdb.GraphDbServiceManager$Tasks$1.run(GraphDbServiceManager.java:116)
	at java.util.concurrent.Executors$RunnableAdapter.call(Executors.java:471)
	at java.util.concurrent.FutureTask$Sync.innerRun(FutureTask.java:334)
	at java.util.concurrent.FutureTask.run(FutureTask.java:166)
	at java.util.concurrent.ThreadPoolExecutor.runWorker(ThreadPoolExecutor.java:1145)
	at java.util.concurrent.ThreadPoolExecutor$Worker.run(ThreadPoolExecutor.java:615)
	at java.lang.Thread.run(Thread.java:724)
Caused by: java.io.IOException: Channel not open for writing - cannot extend file to required size
	at sun.nio.ch.FileChannelImpl.map(FileChannelImpl.java:812)
	at org.neo4j.kernel.impl.nioneo.store.MappedPersistenceWindow.<init>(MappedPersistenceWindow.java:53)
	... 21 more
2013-11-11 08:50:28.652+0000: [/home/johndoe/Dokumente/SoftwareDevelopment/springsource workspace/TimeTest/data/graph.db/neostore.propertystore.db.index.keys] Unable to memory map Unable to map pos=0 recordSize=38 totalSize=1026
org.neo4j.kernel.impl.nioneo.store.MappedMemException: Unable to map pos=0 recordSize=38 totalSize=1026
	at org.neo4j.kernel.impl.nioneo.store.MappedPersistenceWindow.<init>(MappedPersistenceWindow.java:61)
	at org.neo4j.kernel.impl.nioneo.store.PersistenceWindowPool.allocateNewWindow(PersistenceWindowPool.java:598)
	at org.neo4j.kernel.impl.nioneo.store.PersistenceWindowPool.expandBricks(PersistenceWindowPool.java:573)
	at org.neo4j.kernel.impl.nioneo.store.PersistenceWindowPool.acquire(PersistenceWindowPool.java:136)
	at org.neo4j.kernel.impl.nioneo.store.CommonAbstractStore.acquireWindow(CommonAbstractStore.java:520)
	at org.neo4j.kernel.impl.nioneo.store.AbstractDynamicStore.getLightRecords(AbstractDynamicStore.java:275)
	at org.neo4j.kernel.impl.nioneo.store.AbstractNameStore.getRecord(AbstractNameStore.java:177)
	at org.neo4j.kernel.impl.nioneo.store.AbstractNameStore.getNames(AbstractNameStore.java:128)
	at org.neo4j.kernel.impl.nioneo.xa.ReadTransaction.loadPropertyIndexes(ReadTransaction.java:284)
	at org.neo4j.kernel.impl.persistence.PersistenceManager.loadPropertyIndexes(PersistenceManager.java:97)
	at org.neo4j.kernel.impl.core.NodeManager.start(NodeManager.java:153)
	at org.neo4j.kernel.lifecycle.LifeSupport$LifecycleInstance.start(LifeSupport.java:402)
	at org.neo4j.kernel.lifecycle.LifeSupport.start(LifeSupport.java:125)
	at org.neo4j.kernel.InternalAbstractGraphDatabase.run(InternalAbstractGraphDatabase.java:227)
	at org.neo4j.kernel.EmbeddedGraphDatabase.<init>(EmbeddedGraphDatabase.java:79)
	at org.neo4j.kernel.EmbeddedGraphDatabase.<init>(EmbeddedGraphDatabase.java:70)
	at org.neo4j.neoclipse.graphdb.GraphDbServiceManager$Tasks$1.run(GraphDbServiceManager.java:116)
	at java.util.concurrent.Executors$RunnableAdapter.call(Executors.java:471)
	at java.util.concurrent.FutureTask$Sync.innerRun(FutureTask.java:334)
	at java.util.concurrent.FutureTask.run(FutureTask.java:166)
	at java.util.concurrent.ThreadPoolExecutor.runWorker(ThreadPoolExecutor.java:1145)
	at java.util.concurrent.ThreadPoolExecutor$Worker.run(ThreadPoolExecutor.java:615)
	at java.lang.Thread.run(Thread.java:724)
Caused by: java.io.IOException: Channel not open for writing - cannot extend file to required size
	at sun.nio.ch.FileChannelImpl.map(FileChannelImpl.java:812)
	at org.neo4j.kernel.impl.nioneo.store.MappedPersistenceWindow.<init>(MappedPersistenceWindow.java:53)
	... 22 more
2013-11-11 08:50:28.718+0000: Extension org.neo4j.kernel.KernelExtension[kernel jmx] loaded ok
2013-11-11 08:50:28.721+0000: Extension org.neo4j.kernel.KernelExtension[kernel udc] loaded ok
2013-11-11 08:50:28.721+0000: Extension org.neo4j.kernel.KernelExtension[shell] loaded ok
2013-11-11 08:50:28.724+0000: --- STARTUP diagnostics for KernelDiagnostics:Versions START ---
2013-11-11 08:50:28.724+0000: Graph Database: org.neo4j.kernel.EmbeddedGraphDatabase StoreId[time:1384159793349, id:-6138898024580515519, store version: 13561656364791302]
2013-11-11 08:50:28.724+0000: Kernel version: Neo4j - Graph Database Kernel 1.8
2013-11-11 08:50:28.724+0000: Neo4j component versions:
2013-11-11 08:50:28.725+0000:   Neo4j - Graph Database Kernel 1.8
2013-11-11 08:50:28.725+0000: --- STARTUP diagnostics for KernelDiagnostics:Versions END ---
2013-11-11 08:50:28.726+0000: --- STARTUP diagnostics for NEO_STORE_VERSIONS START ---
2013-11-11 08:50:28.727+0000: Store versions:
    Store versions:
      NeoStore v0.A.0
      NodeStore v0.A.0
      RelationshipStore v0.A.0
      RelationshipTypeStore v0.A.0
      PropertyStore v0.A.0
      PropertyIndexStore v0.A.0
      StringPropertyStore v0.A.0
      ArrayPropertyStore v0.A.0
2013-11-11 08:50:28.727+0000: --- STARTUP diagnostics for NEO_STORE_VERSIONS END ---
2013-11-11 08:50:28.727+0000: --- STARTUP diagnostics for NEO_STORE_ID_USAGE START ---
2013-11-11 08:50:28.727+0000: Id usage:
    Id usage:
      NodeStore: used=15612 high=15611
      RelationshipStore: used=0 high=-1
      RelationshipTypeStore: used=0 high=-1
      PropertyStore: used=123527 high=123526
      PropertyIndexStore: used=8 high=7
      StringPropertyStore: used=3366 high=3365
      ArrayPropertyStore: used=1 high=0
2013-11-11 08:50:28.728+0000: --- STARTUP diagnostics for NEO_STORE_ID_USAGE END ---
2013-11-11 08:50:28.728+0000: --- STARTUP diagnostics for PERSISTENCE_WINDOW_POOL_STATS START ---
2013-11-11 08:50:28.728+0000: --- STARTUP diagnostics for PERSISTENCE_WINDOW_POOL_STATS END ---
2013-11-11 08:50:28.728+0000: --- STARTUP diagnostics for KernelDiagnostics:StoreFiles START ---
2013-11-11 08:50:28.729+0000: Disk space on partition (Total / Free / Free %): 91739062272 / 28782751744 / 68
Storage files: (filename : modification date - size)
      nioneo_logical.log.active: 2013-11-11T09:49:54+0100 - 4,00 B
      neostore.propertystore.db.strings.id: 2013-11-11T09:49:54+0100 - 9,00 B
      neostore.propertystore.db.index.keys: 2013-11-11T09:49:57+0100 - 342,00 B
      neostore.propertystore.db: 2013-11-11T09:50:03+0100 - 4,83 MB
      neostore.propertystore.db.arrays: 2013-11-11T09:49:54+0100 - 128,00 B
      tm_tx_log.1: 2013-11-11T09:50:03+0100 - 3,90 kB
      index.db: 2013-11-11T09:49:56+0100 - 497,00 B
      neostore.propertystore.db.strings: 2013-11-11T09:50:02+0100 - 420,75 kB
      neostore.relationshipstore.db: 2013-11-11T09:49:54+0100 - 0,00 B
      neostore.relationshiptypestore.db: 2013-11-11T09:49:54+0100 - 0,00 B
      neostore.relationshiptypestore.db.names: 2013-11-11T09:49:54+0100 - 38,00 B
      neostore.nodestore.db.id: 2013-11-11T09:49:54+0100 - 9,00 B
      messages.log: 2013-11-11T09:50:28+0100 - 57,15 kB
      lock: 2013-11-11T09:49:54+0100 - 0,00 B
      neostore: 2013-11-11T09:50:03+0100 - 54,00 B
      neostore.propertystore.db.arrays.id: 2013-11-11T09:49:54+0100 - 9,00 B
      nioneo_logical.log.1: 2013-11-11T09:50:03+0100 - 21,94 kB
      active_tx_log: 2013-11-11T09:49:54+0100 - 11,00 B
      store_lock: 2013-11-11T09:49:53+0100 - 0,00 B
      neostore.relationshiptypestore.db.id: 2013-11-11T09:49:54+0100 - 9,00 B
      neostore.nodestore.db: 2013-11-11T09:49:57+0100 - 137,21 kB
      neostore.propertystore.db.index.id: 2013-11-11T09:49:54+0100 - 9,00 B
      neostore.propertystore.db.index: 2013-11-11T09:49:57+0100 - 72,00 B
      neostore.relationshiptypestore.db.names.id: 2013-11-11T09:49:54+0100 - 9,00 B
      neostore.propertystore.db.index.keys.id: 2013-11-11T09:49:54+0100 - 9,00 B
      neostore.relationshipstore.db.id: 2013-11-11T09:49:54+0100 - 9,00 B
      neostore.propertystore.db.id: 2013-11-11T09:49:54+0100 - 9,00 B
      neostore.id: 2013-11-11T09:49:54+0100 - 9,00 B
      index:
        lucene.log.active: 2013-11-11T09:49:54+0100 - 4,00 B
        lucene.log.1: 2013-11-11T09:50:03+0100 - 22,65 kB
        lucene:
          node:
            __types__:
              _n.tis: 2013-11-11T09:50:03+0100 - 71,00 B
              _o.tis: 2013-11-11T09:50:03+0100 - 71,00 B
              _k.nrm: 2013-11-11T09:50:02+0100 - 23,00 B
              _m.tii: 2013-11-11T09:50:03+0100 - 35,00 B
              _m.tis: 2013-11-11T09:50:03+0100 - 71,00 B
              _l.fdx: 2013-11-11T09:50:02+0100 - 12,00 B
              _m.fdx: 2013-11-11T09:50:03+0100 - 12,00 B
              _n.frq: 2013-11-11T09:50:03+0100 - 2,00 B
              _n.tii: 2013-11-11T09:50:03+0100 - 35,00 B
              _m.frq: 2013-11-11T09:50:03+0100 - 2,00 B
              _n.fdx: 2013-11-11T09:50:03+0100 - 12,00 B
              _l.prx: 2013-11-11T09:50:02+0100 - 2,00 B
              _o.fdt: 2013-11-11T09:50:03+0100 - 46,00 B
              _o.prx: 2013-11-11T09:50:03+0100 - 2,00 B
              _m.prx: 2013-11-11T09:50:03+0100 - 2,00 B
              _o.tii: 2013-11-11T09:50:03+0100 - 35,00 B
              _k.fnm: 2013-11-11T09:50:02+0100 - 23,00 B
              _m.nrm: 2013-11-11T09:50:03+0100 - 5,00 B
              _k.fdt: 2013-11-11T09:50:02+0100 - 793,00 B
              _m.fnm: 2013-11-11T09:50:03+0100 - 23,00 B
              _l.fnm: 2013-11-11T09:50:02+0100 - 23,00 B
              _n.nrm: 2013-11-11T09:50:03+0100 - 5,00 B
              _k.fdx: 2013-11-11T09:50:02+0100 - 156,00 B
              _n.fnm: 2013-11-11T09:50:03+0100 - 23,00 B
              _p.fdt: 2013-11-11T09:50:03+0100 - 0,00 B
              _o.nrm: 2013-11-11T09:50:03+0100 - 5,00 B
              _n.fdt: 2013-11-11T09:50:03+0100 - 46,00 B
              _o.fdx: 2013-11-11T09:50:03+0100 - 12,00 B
              _l.nrm: 2013-11-11T09:50:02+0100 - 5,00 B
              _p.fdx: 2013-11-11T09:50:03+0100 - 0,00 B
              _k.tis: 2013-11-11T09:50:02+0100 - 197,00 B
              _l.frq: 2013-11-11T09:50:02+0100 - 2,00 B
              _l.fdt: 2013-11-11T09:50:02+0100 - 46,00 B
              _l.tii: 2013-11-11T09:50:02+0100 - 35,00 B
              _k.tii: 2013-11-11T09:50:02+0100 - 35,00 B
              _k.prx: 2013-11-11T09:50:02+0100 - 38,00 B
              _k.frq: 2013-11-11T09:50:02+0100 - 41,00 B
              _o.fnm: 2013-11-11T09:50:03+0100 - 23,00 B
              _l.tis: 2013-11-11T09:50:02+0100 - 71,00 B
              _n.prx: 2013-11-11T09:50:03+0100 - 2,00 B
              _m.fdt: 2013-11-11T09:50:03+0100 - 46,00 B
              _o.frq: 2013-11-11T09:50:03+0100 - 2,00 B
            - Total: 2013-11-11T09:50:28+0100 - 2,04 kB
            url:
              _o.cfs: 2013-11-11T09:50:03+0100 - 408,00 B
              _k.nrm: 2013-11-11T09:50:02+0100 - 23,00 B
              _m.cfs: 2013-11-11T09:50:03+0100 - 436,00 B
              _k.fnm: 2013-11-11T09:50:02+0100 - 17,00 B
              _k.fdt: 2013-11-11T09:50:02+0100 - 1,82 kB
              _n.cfs: 2013-11-11T09:50:03+0100 - 384,00 B
              _k.fdx: 2013-11-11T09:50:02+0100 - 156,00 B
              _l.cfs: 2013-11-11T09:50:02+0100 - 424,00 B
              _p.fdt: 2013-11-11T09:50:03+0100 - 0,00 B
              _p.fdx: 2013-11-11T09:50:03+0100 - 0,00 B
              _k.tis: 2013-11-11T09:50:02+0100 - 1,35 kB
              _k.tii: 2013-11-11T09:50:02+0100 - 35,00 B
              _k.prx: 2013-11-11T09:50:02+0100 - 38,00 B
              _k.frq: 2013-11-11T09:50:02+0100 - 38,00 B
            - Total: 2013-11-11T09:50:28+0100 - 5,08 kB
            keywords:
              _o.cfs: 2013-11-11T09:50:03+0100 - 376,00 B
              _k.nrm: 2013-11-11T09:50:02+0100 - 42,00 B
              _m.cfs: 2013-11-11T09:50:03+0100 - 389,00 B
              _k.fnm: 2013-11-11T09:50:02+0100 - 34,00 B
              _k.fdt: 2013-11-11T09:50:02+0100 - 2,30 kB
              _n.cfs: 2013-11-11T09:50:03+0100 - 358,00 B
              _k.fdx: 2013-11-11T09:50:02+0100 - 156,00 B
              _l.cfs: 2013-11-11T09:50:02+0100 - 396,00 B
              _p.fdt: 2013-11-11T09:50:03+0100 - 0,00 B
              _p.fdx: 2013-11-11T09:50:03+0100 - 0,00 B
              _k.tis: 2013-11-11T09:50:02+0100 - 2,62 kB
              _k.tii: 2013-11-11T09:50:02+0100 - 71,00 B
              _k.prx: 2013-11-11T09:50:02+0100 - 141,00 B
              _k.frq: 2013-11-11T09:50:02+0100 - 141,00 B
            - Total: 2013-11-11T09:50:28+0100 - 6,98 kB
          - Total: 2013-11-11T09:49:57+0100 - 14,10 kB
        - Total: 2013-11-11T09:49:56+0100 - 14,10 kB
        lucene-store.db: 2013-11-11T09:49:54+0100 - 40,00 B
      - Total: 2013-11-11T09:49:56+0100 - 36,79 kB
2013-11-11 08:50:28.755+0000: --- STARTUP diagnostics for KernelDiagnostics:StoreFiles END ---
2013-11-11 08:50:28.757+0000: Started - database is now available
2013-11-11 08:50:28.757+0000: GC Monitor started. 
2013-11-11 11:17:23.886+0000: GC Monitor: Application threads blocked for an additional 1069644ms [total block time: 1069.644s]
2013-11-11 14:09:08.798+0000: GC Monitor: Application threads blocked for an additional 3831177ms [total block time: 4900.821s]
2013-11-11 15:34:38.744+0000: GC Monitor: Application threads blocked for an additional 660115ms [total block time: 5560.936s]
2013-11-11 19:15:20.967+0000: GC Monitor: Application threads blocked for an additional 10703683ms [total block time: 16264.619s]
2013-11-11 19:40:08.216+0000: Stopping - database is now unavailable
2013-11-11 19:40:08.218+0000: /home/johndoe/Dokumente/SoftwareDevelopment/springsource workspace/TimeTest/data/graph.db/neostore.relationshiptypestore.db.names hit=0 miss=0 switches=0 ooe=0
2013-11-11 19:40:08.218+0000: /home/johndoe/Dokumente/SoftwareDevelopment/springsource workspace/TimeTest/data/graph.db/neostore.relationshiptypestore.db hit=0 miss=0 switches=0 ooe=0
2013-11-11 19:40:08.219+0000: /home/johndoe/Dokumente/SoftwareDevelopment/springsource workspace/TimeTest/data/graph.db/neostore.propertystore.db.strings hit=0 miss=297 switches=0 ooe=0
2013-11-11 19:40:08.219+0000: /home/johndoe/Dokumente/SoftwareDevelopment/springsource workspace/TimeTest/data/graph.db/neostore.propertystore.db.index.keys hit=0 miss=16 switches=0 ooe=1
2013-11-11 19:40:08.219+0000: /home/johndoe/Dokumente/SoftwareDevelopment/springsource workspace/TimeTest/data/graph.db/neostore.propertystore.db.index hit=0 miss=8 switches=0 ooe=1
2013-11-11 19:40:08.219+0000: /home/johndoe/Dokumente/SoftwareDevelopment/springsource workspace/TimeTest/data/graph.db/neostore.propertystore.db.arrays hit=0 miss=0 switches=0 ooe=0
2013-11-11 19:40:08.219+0000: /home/johndoe/Dokumente/SoftwareDevelopment/springsource workspace/TimeTest/data/graph.db/neostore.propertystore.db hit=0 miss=213 switches=0 ooe=0
2013-11-11 19:40:08.220+0000: /home/johndoe/Dokumente/SoftwareDevelopment/springsource workspace/TimeTest/data/graph.db/neostore.relationshipstore.db hit=0 miss=0 switches=0 ooe=0
2013-11-11 19:40:08.220+0000: /home/johndoe/Dokumente/SoftwareDevelopment/springsource workspace/TimeTest/data/graph.db/neostore.nodestore.db hit=0 miss=31249 switches=0 ooe=0
2013-11-11 19:40:08.220+0000: /home/johndoe/Dokumente/SoftwareDevelopment/springsource workspace/TimeTest/data/graph.db/neostore hit=0 miss=12 switches=0 ooe=0
2013-11-11 19:40:08.220+0000: NeoStore closed
2013-11-11 19:40:08.221+0000: --- SHUTDOWN diagnostics START ---
2013-11-11 19:40:08.221+0000: --- SHUTDOWN diagnostics END ---
